0    [JavaFX Application Thread] INFO  gerarTelas.SobreAutoresController  - Verificando referencias Jonatan09/30/2013_09:30:022
0    [JavaFX Application Thread] INFO  gerarTelas.SobreAutoresController  - Verificando referencias Jonatan 09/32/2013 | 09:32:019
8974 [JavaFX Application Thread] INFO  gerarTelas.SobreAutoresController  - Verificando referencias Jonatan 09/32/2013 | 09:32:028
17134 [JavaFX Application Thread] INFO  gerarTelas.SobreAutoresController  - Verificando referencias Jonatan 09/32/2013 | 09:32:036
0    [JavaFX Application Thread] INFO  gerarTelas.SobreAutoresController  - Verificando referencias Jonatan 09/39/2013 | 09:39:035
0    [JavaFX Application Thread] INFO  gerarTelas.SobreAutoresController  - Verificando referencias Thiago 09/40/2013 | 09:40:023
0    [JavaFX Application Thread] INFO  gerarTelas.SobreAutoresController  - Verificando referencias Jonatan 09/42/2013 | 09:42:006
0    [JavaFX Application Thread] INFO  gerarTelas.SobreAutoresController  - Verificando referencias Jonatan 09/42/2013 | 09:42:028
3796 [JavaFX Application Thread] INFO  gerarTelas.SobreAutoresController  - Verificando referencias Thiago 09/42/2013 | 09:42:032
0    [JavaFX Application Thread] INFO  gerarTelas.SobreAutoresController  - Iniciando classe principal 09/53/2013 | 09:53:054
0    [JavaFX Application Thread] INFO  gerarTelas.SobreAutoresController  - Iniciando classe principal 09/58/2013 | 09:58:008
2654 [JavaFX Application Thread] INFO  gerarTelas.SobreAutoresController  - Metodo para avancar questão 09/58/2013 | 09:58:010
9013 [JavaFX Application Thread] INFO  gerarTelas.SobreAutoresController  - Metodo para avancar questão 09/58/2013 | 09:58:017
26046 [JavaFX Application Thread] INFO  gerarTelas.SobreAutoresController  - Metodo para avancar questão 09/58/2013 | 09:58:034
26533 [JavaFX Application Thread] INFO  gerarTelas.SobreAutoresController  - Metodo para avancar questão 09/58/2013 | 09:58:034
26733 [JavaFX Application Thread] INFO  gerarTelas.SobreAutoresController  - Metodo para avancar questão 09/58/2013 | 09:58:034
27397 [JavaFX Application Thread] INFO  gerarTelas.SobreAutoresController  - Metodo para avancar questão 09/58/2013 | 09:58:035
27925 [JavaFX Application Thread] INFO  gerarTelas.SobreAutoresController  - Metodo para avancar questão 09/58/2013 | 09:58:036
28446 [JavaFX Application Thread] INFO  gerarTelas.SobreAutoresController  - Metodo para avancar questão 09/58/2013 | 09:58:036
29853 [JavaFX Application Thread] INFO  gerarTelas.SobreAutoresController  - Metodo para avancar questão 09/58/2013 | 09:58:037
32910 [JavaFX Application Thread] INFO  gerarTelas.SobreAutoresController  - Metodo para avancar questão 09/58/2013 | 09:58:041
34870 [JavaFX Application Thread] INFO  gerarTelas.SobreAutoresController  - Metodo para avancar questão 09/58/2013 | 09:58:043
35805 [JavaFX Application Thread] INFO  gerarTelas.SobreAutoresController  - Metodo para avancar questão 09/58/2013 | 09:58:043
36309 [JavaFX Application Thread] INFO  gerarTelas.SobreAutoresController  - Metodo para avancar questão 09/58/2013 | 09:58:044
36581 [JavaFX Application Thread] INFO  gerarTelas.SobreAutoresController  - Metodo para avancar questão 09/58/2013 | 09:58:044
36909 [JavaFX Application Thread] INFO  gerarTelas.SobreAutoresController  - Metodo para avancar questão 09/58/2013 | 09:58:045
37167 [JavaFX Application Thread] INFO  gerarTelas.SobreAutoresController  - Metodo para avancar questão 09/58/2013 | 09:58:045
39541 [JavaFX Application Thread] INFO  gerarTelas.SobreAutoresController  - Metodo para avancar questão 09/58/2013 | 09:58:047
39853 [JavaFX Application Thread] INFO  gerarTelas.SobreAutoresController  - Metodo para avancar questão 09/58/2013 | 09:58:047
40325 [JavaFX Application Thread] INFO  gerarTelas.SobreAutoresController  - Metodo para avancar questão 09/58/2013 | 09:58:048
40598 [JavaFX Application Thread] INFO  gerarTelas.SobreAutoresController  - Metodo para avancar questão 09/58/2013 | 09:58:048
40829 [JavaFX Application Thread] INFO  gerarTelas.SobreAutoresController  - Metodo para avancar questão 09/58/2013 | 09:58:048
41045 [JavaFX Application Thread] INFO  gerarTelas.SobreAutoresController  - Metodo para avancar questão 09/58/2013 | 09:58:049
41293 [JavaFX Application Thread] INFO  gerarTelas.SobreAutoresController  - Metodo para avancar questão 09/58/2013 | 09:58:049
41782 [JavaFX Application Thread] INFO  gerarTelas.SobreAutoresController  - Metodo para avancar questão 09/58/2013 | 09:58:049
42373 [JavaFX Application Thread] INFO  gerarTelas.SobreAutoresController  - Metodo para avancar questão 09/58/2013 | 09:58:050
0    [JavaFX Application Thread] INFO  gerarTelas.SampleController  - Iniciando classe principal 09/00/2013 | 10:00:046
4179 [JavaFX Application Thread] INFO  gerarTelas.SampleController  - Metodo para avancar questão 09/00/2013 | 10:00:050
8284 [JavaFX Application Thread] INFO  gerarTelas.SampleController  - Metodo para avancar questão 09/00/2013 | 10:00:054
15588 [JavaFX Application Thread] INFO  gerarTelas.SampleController  - Metodo para avancar questão 09/01/2013 | 10:01:002
17772 [JavaFX Application Thread] INFO  gerarTelas.SampleController  - Metodo para avancar questão 09/01/2013 | 10:01:004
18828 [JavaFX Application Thread] INFO  gerarTelas.SampleController  - Metodo para avancar questão 09/01/2013 | 10:01:005
19651 [JavaFX Application Thread] INFO  gerarTelas.SampleController  - Metodo para avancar questão 09/01/2013 | 10:01:006
20332 [JavaFX Application Thread] INFO  gerarTelas.SampleController  - Metodo para avancar questão 09/01/2013 | 10:01:006
20851 [JavaFX Application Thread] INFO  gerarTelas.SampleController  - Metodo para avancar questão 09/01/2013 | 10:01:007
21204 [JavaFX Application Thread] INFO  gerarTelas.SampleController  - Metodo para avancar questão 09/01/2013 | 10:01:007
21620 [JavaFX Application Thread] INFO  gerarTelas.SampleController  - Metodo para avancar questão 09/01/2013 | 10:01:008
21947 [JavaFX Application Thread] INFO  gerarTelas.SampleController  - Metodo para avancar questão 09/01/2013 | 10:01:008
22851 [JavaFX Application Thread] INFO  gerarTelas.SampleController  - Metodo para avancar questão 09/01/2013 | 10:01:009
23428 [JavaFX Application Thread] INFO  gerarTelas.SampleController  - Metodo para avancar questão 09/01/2013 | 10:01:009
23876 [JavaFX Application Thread] INFO  gerarTelas.SampleController  - Metodo para avancar questão 09/01/2013 | 10:01:010
24195 [JavaFX Application Thread] INFO  gerarTelas.SampleController  - Metodo para avancar questão 09/01/2013 | 10:01:010
24757 [JavaFX Application Thread] INFO  gerarTelas.SampleController  - Metodo para avancar questão 09/01/2013 | 10:01:011
25460 [JavaFX Application Thread] INFO  gerarTelas.SampleController  - Metodo para avancar questão 09/01/2013 | 10:01:011
26451 [JavaFX Application Thread] INFO  gerarTelas.SampleController  - Metodo para avancar questão 09/01/2013 | 10:01:012
27643 [JavaFX Application Thread] INFO  gerarTelas.SampleController  - Metodo para avancar questão 09/01/2013 | 10:01:014
0    [JavaFX Application Thread] INFO  gerarTelas.SampleController  - Iniciando classe principal 09/01/2013 | 10:01:050
1963 [JavaFX Application Thread] INFO  gerarTelas.SampleController  - Metodo para avancar questão 09/01/2013 | 10:07:052
0    [JavaFX Application Thread] INFO  gerarTelas.SampleController  - Iniciando classe principal 09/02/2013 | 10:02:008
2812 [JavaFX Application Thread] INFO  gerarTelas.SampleController  - Metodo para avancar questão 09/07/2013 | 10:02:011
0    [JavaFX Application Thread] INFO  gerarTelas.SampleController  - Iniciando classe principal 09/02/2013 | 10:02:028
1776 [JavaFX Application Thread] INFO  gerarTelas.SampleController  - Metodo para avancar questão 09/07/2013 | 10:02:30
0    [JavaFX Application Thread] INFO  gerarTelas.SampleController  - Iniciando classe principal 09/07/2013 | 10:04:59
1885 [JavaFX Application Thread] INFO  gerarTelas.SampleController  - Metodo para avancar questão 09/07/2013 | 10:05:01
2060 [JavaFX Application Thread] INFO  gerarTelas.SampleController  - Metodo para avancar questão 09/07/2013 | 10:05:01
2212 [JavaFX Application Thread] INFO  gerarTelas.SampleController  - Metodo para avancar questão 09/07/2013 | 10:05:01
2396 [JavaFX Application Thread] INFO  gerarTelas.SampleController  - Metodo para avancar questão 09/07/2013 | 10:05:02
2916 [JavaFX Application Thread] INFO  gerarTelas.SampleController  - Metodo para avancar questão 09/07/2013 | 10:05:02
3252 [JavaFX Application Thread] INFO  gerarTelas.SampleController  - Metodo para avancar questão 09/07/2013 | 10:05:02
3836 [JavaFX Application Thread] INFO  gerarTelas.SampleController  - Metodo para avancar questão 09/07/2013 | 10:05:03
4460 [JavaFX Application Thread] INFO  gerarTelas.SampleController  - Metodo para avancar questão 09/07/2013 | 10:05:04
5181 [JavaFX Application Thread] INFO  gerarTelas.SampleController  - Metodo para avancar questão 09/07/2013 | 10:05:04
9645 [JavaFX Application Thread] INFO  gerarTelas.SampleController  - Metodo para avancar questão 09/07/2013 | 10:05:09
0    [JavaFX Application Thread] INFO  gerarTelas.SampleController  - Iniciando classe principal 09/07/2013 | 10:06:12
1739 [JavaFX Application Thread] INFO  gerarTelas.SampleController  - Metodo para avancar questão 09/07/2013 | 10:06:13
1914 [JavaFX Application Thread] INFO  gerarTelas.SampleController  - Metodo para avancar questão 09/07/2013 | 10:06:13
2090 [JavaFX Application Thread] INFO  gerarTelas.SampleController  - Metodo para avancar questão 09/07/2013 | 10:06:14
2282 [JavaFX Application Thread] INFO  gerarTelas.SampleController  - Metodo para avancar questão 09/07/2013 | 10:06:14
2498 [JavaFX Application Thread] INFO  gerarTelas.SampleController  - Metodo para avancar questão 09/07/2013 | 10:06:14
2819 [JavaFX Application Thread] INFO  gerarTelas.SampleController  - Metodo para avancar questão 09/07/2013 | 10:06:14
3146 [JavaFX Application Thread] INFO  gerarTelas.SampleController  - Metodo para avancar questão 09/07/2013 | 10:06:15
3794 [JavaFX Application Thread] INFO  gerarTelas.SampleController  - Metodo para avancar questão 09/07/2013 | 10:06:15
4418 [JavaFX Application Thread] INFO  gerarTelas.SampleController  - Metodo para avancar questão 09/07/2013 | 10:06:16
1    [JavaFX Application Thread] INFO  gerarTelas.SampleController  - Iniciando classe principal 09/07/2013 | 10:06:36
1971 [JavaFX Application Thread] INFO  gerarTelas.SampleController  - Metodo para avancar questão 09/07/2013 | 10:06:38
2131 [JavaFX Application Thread] INFO  gerarTelas.SampleController  - Metodo para avancar questão 09/07/2013 | 10:06:39
2322 [JavaFX Application Thread] INFO  gerarTelas.SampleController  - Metodo para avancar questão 09/07/2013 | 10:06:39
2523 [JavaFX Application Thread] INFO  gerarTelas.SampleController  - Metodo para avancar questão 09/07/2013 | 10:06:39
2731 [JavaFX Application Thread] INFO  gerarTelas.SampleController  - Metodo para avancar questão 09/07/2013 | 10:06:39
2971 [JavaFX Application Thread] INFO  gerarTelas.SampleController  - Metodo para avancar questão 09/07/2013 | 10:06:39
3435 [JavaFX Application Thread] INFO  gerarTelas.SampleController  - Metodo para avancar questão 09/07/2013 | 10:06:40
3755 [JavaFX Application Thread] INFO  gerarTelas.SampleController  - Metodo para avancar questão 09/07/2013 | 10:06:40
4251 [JavaFX Application Thread] INFO  gerarTelas.SampleController  - Metodo para avancar questão 09/07/2013 | 10:06:41
11683 [JavaFX Application Thread] INFO  gerarTelas.SampleController  - Metodo para avancar questão 09/07/2013 | 10:06:48
13283 [JavaFX Application Thread] INFO  gerarTelas.SampleController  - Metodo para avancar questão 09/07/2013 | 10:06:50
14123 [JavaFX Application Thread] INFO  gerarTelas.SampleController  - Metodo para avancar questão 09/07/2013 | 10:06:51
14338 [JavaFX Application Thread] INFO  gerarTelas.SampleController  - Metodo para avancar questão 09/07/2013 | 10:06:51
14546 [JavaFX Application Thread] INFO  gerarTelas.SampleController  - Metodo para avancar questão 09/07/2013 | 10:06:51
0    [JavaFX Application Thread] INFO  gerarTelas.SampleController  - Iniciando classe principal 09/07/2013 | 10:07:11
0    [JavaFX Application Thread] INFO  gerarTelas.SampleController  - Iniciando classe principal 09/07/2013 | 10:07:15
4508 [JavaFX Application Thread] INFO  gerarTelas.SampleController  - Metodo para avancar questão 09/07/2013 | 10:07:16
4684 [JavaFX Application Thread] INFO  gerarTelas.SampleController  - Metodo para avancar questão 09/07/2013 | 10:07:16
4876 [JavaFX Application Thread] INFO  gerarTelas.SampleController  - Metodo para avancar questão 09/07/2013 | 10:07:16
5076 [JavaFX Application Thread] INFO  gerarTelas.SampleController  - Metodo para avancar questão 09/07/2013 | 10:07:17
5244 [JavaFX Application Thread] INFO  gerarTelas.SampleController  - Metodo para avancar questão 09/07/2013 | 10:07:17
5436 [JavaFX Application Thread] INFO  gerarTelas.SampleController  - Metodo para avancar questão 09/07/2013 | 10:07:17
5676 [JavaFX Application Thread] INFO  gerarTelas.SampleController  - Metodo para avancar questão 09/07/2013 | 10:07:17
5948 [JavaFX Application Thread] INFO  gerarTelas.SampleController  - Metodo para avancar questão 09/07/2013 | 10:07:17
6259 [JavaFX Application Thread] INFO  gerarTelas.SampleController  - Metodo para avancar questão 09/07/2013 | 10:07:18
6692 [JavaFX Application Thread] INFO  gerarTelas.SampleController  - Metodo para avancar questão 09/07/2013 | 10:07:18
9285 [JavaFX Application Thread] INFO  gerarTelas.SampleController  - Iniciando classe principal 09/07/2013 | 10:07:21
10220 [JavaFX Application Thread] INFO  gerarTelas.SampleController  - Metodo para avancar questão 09/07/2013 | 10:07:22
10380 [JavaFX Application Thread] INFO  gerarTelas.SampleController  - Metodo para avancar questão 09/07/2013 | 10:07:22
10571 [JavaFX Application Thread] INFO  gerarTelas.SampleController  - Metodo para avancar questão 09/07/2013 | 10:07:22
10763 [JavaFX Application Thread] INFO  gerarTelas.SampleController  - Metodo para avancar questão 09/07/2013 | 10:07:22
10980 [JavaFX Application Thread] INFO  gerarTelas.SampleController  - Metodo para avancar questão 09/07/2013 | 10:07:22
11173 [JavaFX Application Thread] INFO  gerarTelas.SampleController  - Metodo para avancar questão 09/07/2013 | 10:07:23
11603 [JavaFX Application Thread] INFO  gerarTelas.SampleController  - Metodo para avancar questão 09/07/2013 | 10:07:23
11941 [JavaFX Application Thread] INFO  gerarTelas.SampleController  - Metodo para avancar questão 09/07/2013 | 10:07:23
12268 [JavaFX Application Thread] INFO  gerarTelas.SampleController  - Metodo para avancar questão 09/07/2013 | 10:07:24
13260 [JavaFX Application Thread] INFO  gerarTelas.SampleController  - Metodo para avancar questão 09/07/2013 | 10:07:25
14665 [JavaFX Application Thread] INFO  gerarTelas.SampleController  - Iniciando classe principal 09/07/2013 | 10:07:26
15932 [JavaFX Application Thread] INFO  gerarTelas.SampleController  - Metodo para avancar questão 09/07/2013 | 10:07:27
16131 [JavaFX Application Thread] INFO  gerarTelas.SampleController  - Metodo para avancar questão 09/07/2013 | 10:07:28
16339 [JavaFX Application Thread] INFO  gerarTelas.SampleController  - Metodo para avancar questão 09/07/2013 | 10:07:28
16540 [JavaFX Application Thread] INFO  gerarTelas.SampleController  - Metodo para avancar questão 09/07/2013 | 10:07:28
16748 [JavaFX Application Thread] INFO  gerarTelas.SampleController  - Metodo para avancar questão 09/07/2013 | 10:07:28
16940 [JavaFX Application Thread] INFO  gerarTelas.SampleController  - Metodo para avancar questão 09/07/2013 | 10:07:28
17140 [JavaFX Application Thread] INFO  gerarTelas.SampleController  - Metodo para avancar questão 09/07/2013 | 10:07:29
17588 [JavaFX Application Thread] INFO  gerarTelas.SampleController  - Metodo para avancar questão 09/07/2013 | 10:07:29
18156 [JavaFX Application Thread] INFO  gerarTelas.SampleController  - Metodo para avancar questão 09/07/2013 | 10:07:30
20164 [JavaFX Application Thread] INFO  gerarTelas.SampleController  - Metodo para avancar questão 09/07/2013 | 10:07:32
20550 [JavaFX Application Thread] INFO  gerarTelas.SampleController  - Metodo para avancar questão 09/07/2013 | 10:07:36
20743 [JavaFX Application Thread] INFO  gerarTelas.SampleController  - Metodo para avancar questão 09/07/2013 | 10:07:36
20943 [JavaFX Application Thread] INFO  gerarTelas.SampleController  - Metodo para avancar questão 09/07/2013 | 10:07:36
21151 [JavaFX Application Thread] INFO  gerarTelas.SampleController  - Metodo para avancar questão 09/07/2013 | 10:07:36
21335 [JavaFX Application Thread] INFO  gerarTelas.SampleController  - Metodo para avancar questão 09/07/2013 | 10:07:36
21526 [JavaFX Application Thread] INFO  gerarTelas.SampleController  - Metodo para avancar questão 09/07/2013 | 10:07:37
21735 [JavaFX Application Thread] INFO  gerarTelas.SampleController  - Metodo para avancar questão 09/07/2013 | 10:07:37
21919 [JavaFX Application Thread] INFO  gerarTelas.SampleController  - Metodo para avancar questão 09/07/2013 | 10:07:37
22127 [JavaFX Application Thread] INFO  gerarTelas.SampleController  - Metodo para avancar questão 09/07/2013 | 10:07:37
0    [JavaFX Application Thread] INFO  gerarTelas.SampleController  - Iniciando classe principal 09/07/2013 | 10:20:37
18800 [JavaFX Application Thread] FATAL gerarTelas.SampleController  - Diretorio Invalido 09/07/2013 | 10:20:56
0    [JavaFX Application Thread] INFO  gerarTelas.SampleController  - Iniciando classe principal 09/07/2013 | 10:21:31
7903 [JavaFX Application Thread] INFO  gerarTelas.SampleController  - Diretorio da imagens E:\photo -- 09/07/2013 | 10:21:39
22132 [JavaFX Application Thread] INFO  gerarTelas.SampleController  - Diretorio da imagens E:\Logger -- 09/07/2013 | 10:21:53
31612 [JavaFX Application Thread] FATAL gerarTelas.SampleController  - Diretorio Invalido 09/07/2013 | 10:22:03
44432 [JavaFX Application Thread] FATAL gerarTelas.SampleController  - Diretorio Invalido 09/07/2013 | 10:22:16
0    [JavaFX Application Thread] INFO  gerarTelas.SampleController  - Iniciando classe principal 09/07/2013 | 10:23:41
33758 [JavaFX Application Thread] FATAL gerarTelas.SampleController  - Exception no Diretorio 09/07/2013 | 10:24:15
43365 [JavaFX Application Thread] INFO  gerarTelas.SobreAutoresController  - Verificando referencias Jonatan 09/24/2013 | 10:24:025
49861 [JavaFX Application Thread] INFO  gerarTelas.SobreAutoresController  - Verificando referencias Thiago 09/24/2013 | 10:24:031
0    [JavaFX Application Thread] INFO  gerarTelas.SampleController  - Iniciando classe principal 09/07/2013 | 10:25:25
0    [JavaFX Application Thread] INFO  gerarTelas.SampleController  - Iniciando classe principal 09/07/2013 | 10:26:08
0    [JavaFX Application Thread] INFO  gerarTelas.SampleController  - Iniciando classe principal 09/07/2013 | 10:27:17
0    [JavaFX Application Thread] INFO  gerarTelas.SampleController  - Iniciando classe principal 09/07/2013 | 10:28:15
0    [JavaFX Application Thread] INFO  gerarTelas.SampleController  - Iniciando classe principal 09/07/2013 | 10:28:42
0    [JavaFX Application Thread] INFO  gerarTelas.SampleController  - Iniciando classe principal 09/07/2013 | 10:42:13
5052 [JavaFX Application Thread] INFO  gerarTelas.SampleController  - Carregando Histograma 09/07/2013 | 10:42:18
13613 [JavaFX Application Thread] INFO  gerarTelas.SampleController  - Carregando Histograma 09/07/2013 | 10:42:26
17349 [JavaFX Application Thread] INFO  gerarTelas.SampleController  - Carregando Histograma 09/07/2013 | 10:42:30
21117 [JavaFX Application Thread] FATAL gerarTelas.SampleController  - Exception no Diretorio 09/07/2013 | 10:42:34
24213 [JavaFX Application Thread] INFO  gerarTelas.SampleController  - Carregando Histograma 09/07/2013 | 10:42:37
38102 [JavaFX Application Thread] FATAL gerarTelas.SampleController  - Exception no Diretorio 09/07/2013 | 10:42:51
0    [JavaFX Application Thread] INFO  gerarTelas.SampleController  - Iniciando classe principal 09/07/2013 | 10:58:11
8802 [JavaFX Application Thread] FATAL gerarTelas.SampleController  - Exception no Diretorio 09/07/2013 | 10:58:20
0    [JavaFX Application Thread] INFO  gerarTelas.SampleController  - Iniciando classe principal 09/07/2013 | 10:58:41
1538 [JavaFX Application Thread] INFO  gerarTelas.SampleController  - Carregando Histograma 09/07/2013 | 10:58:42
8921 [JavaFX Application Thread] INFO  gerarTelas.SampleController  - Metodo para avancar questão 09/07/2013 | 10:58:50
11793 [JavaFX Application Thread] INFO  gerarTelas.SampleController  - Metodo para avancar questão 09/07/2013 | 10:58:53
18969 [JavaFX Application Thread] INFO  gerarTelas.SampleController  - Metodo para avancar questão 09/07/2013 | 10:59:00
39065 [JavaFX Application Thread] INFO  gerarTelas.SampleController  - Metodo para avancar questão 09/07/2013 | 10:59:20
41409 [JavaFX Application Thread] INFO  gerarTelas.SampleController  - Metodo para avancar questão 09/07/2013 | 10:59:22
43025 [JavaFX Application Thread] INFO  gerarTelas.SampleController  - Metodo para avancar questão 09/07/2013 | 10:59:24
54018 [JavaFX Application Thread] FATAL gerarTelas.SampleController  - Exception no Diretorio 09/07/2013 | 10:59:35
0    [JavaFX Application Thread] INFO  gerarTelas.SampleController  - Iniciando classe principal 09/07/2013 | 11:01:15
5052 [JavaFX Application Thread] FATAL gerarTelas.SampleController  - Exception no Diretorio 09/07/2013 | 11:01:20
198913 [JavaFX Application Thread] INFO  gerarTelas.SampleController  - Carregando Histograma 09/07/2013 | 11:02:00
205853 [JavaFX Application Thread] FATAL gerarTelas.SampleController  - Exception no Diretorio 09/07/2013 | 11:02:07
0    [JavaFX Application Thread] INFO  gerarTelas.SampleController  - Iniciando classe principal 09/07/2013 | 11:03:09
4617 [JavaFX Application Thread] FATAL gerarTelas.SampleController  - Exception no Diretorio 09/07/2013 | 11:03:13
11815 [JavaFX Application Thread] INFO  gerarTelas.SampleController  - Metodo para avancar questão 09/07/2013 | 11:03:21
14446 [JavaFX Application Thread] INFO  gerarTelas.SampleController  - Metodo para avancar questão 09/07/2013 | 11:03:23
24351 [JavaFX Application Thread] INFO  gerarTelas.SampleController  - Metodo para avancar questão 09/07/2013 | 11:03:33
25422 [JavaFX Application Thread] INFO  gerarTelas.SampleController  - Metodo para avancar questão 09/07/2013 | 11:03:34
25983 [JavaFX Application Thread] INFO  gerarTelas.SampleController  - Metodo para avancar questão 09/07/2013 | 11:03:35
26239 [JavaFX Application Thread] INFO  gerarTelas.SampleController  - Metodo para avancar questão 09/07/2013 | 11:03:35
26471 [JavaFX Application Thread] INFO  gerarTelas.SampleController  - Metodo para avancar questão 09/07/2013 | 11:03:35
26702 [JavaFX Application Thread] INFO  gerarTelas.SampleController  - Metodo para avancar questão 09/07/2013 | 11:03:35
26943 [JavaFX Application Thread] INFO  gerarTelas.SampleController  - Metodo para avancar questão 09/07/2013 | 11:03:36
27175 [JavaFX Application Thread] INFO  gerarTelas.SampleController  - Metodo para avancar questão 09/07/2013 | 11:03:36
27202 [JavaFX Application Thread] INFO  gerarTelas.SampleController  - Iniciando classe principal 09/07/2013 | 11:03:36
27202 [JavaFX Application Thread] INFO  gerarTelas.SampleController  - Metodo gerar grafico 09/07/2013 | 11:03:36
27406 [JavaFX Application Thread] INFO  gerarTelas.SampleController  - Metodo gerar grafico 09/07/2013 | 11:03:36
27638 [JavaFX Application Thread] INFO  gerarTelas.SampleController  - Metodo gerar grafico 09/07/2013 | 11:03:36
29767 [JavaFX Application Thread] INFO  gerarTelas.SampleController  - Usuario refazendo teste09/07/2013 | 11:03:39
29839 [JavaFX Application Thread] INFO  gerarTelas.SampleController  - Iniciando classe principal 09/07/2013 | 11:03:39
0    [JavaFX Application Thread] INFO  gerarTelas.SampleController  - Iniciando classe principal 09/07/2013 | 11:04:15
2206 [JavaFX Application Thread] INFO  gerarTelas.SampleController  - Metodo para avancar questão 09/07/2013 | 11:04:18
3294 [JavaFX Application Thread] INFO  gerarTelas.SampleController  - Metodo para avancar questão 09/07/2013 | 11:04:19
4374 [JavaFX Application Thread] INFO  gerarTelas.SampleController  - Metodo para avancar questão 09/07/2013 | 11:04:20
5991 [JavaFX Application Thread] INFO  gerarTelas.SampleController  - Metodo para avancar questão 09/07/2013 | 11:04:21
0    [JavaFX Application Thread] INFO  gerarTelas.SampleController  - Iniciando classe principal 09/07/2013 | 11:05:59
3742 [JavaFX Application Thread] INFO  gerarTelas.SampleController  - Metodo para avancar questão 09/07/2013 | 11:06:03
4446 [JavaFX Application Thread] INFO  gerarTelas.SampleController  - Metodo para avancar questão 09/07/2013 | 11:06:03
5166 [JavaFX Application Thread] INFO  gerarTelas.SampleController  - Metodo para avancar questão 09/07/2013 | 11:06:04
6021 [JavaFX Application Thread] INFO  gerarTelas.SampleController  - Metodo para avancar questão 09/07/2013 | 11:06:05
6782 [JavaFX Application Thread] INFO  gerarTelas.SampleController  - Metodo para avancar questão 09/07/2013 | 11:06:06
7910 [JavaFX Application Thread] INFO  gerarTelas.SampleController  - Metodo para avancar questão 09/07/2013 | 11:06:07
8814 [JavaFX Application Thread] INFO  gerarTelas.SampleController  - Metodo para avancar questão 09/07/2013 | 11:06:08
9566 [JavaFX Application Thread] INFO  gerarTelas.SampleController  - Metodo para avancar questão 09/07/2013 | 11:06:09
10502 [JavaFX Application Thread] INFO  gerarTelas.SampleController  - Metodo para avancar questão 09/07/2013 | 11:06:10
12022 [JavaFX Application Thread] INFO  gerarTelas.SampleController  - Metodo para avancar questão 09/07/2013 | 11:06:11
12045 [JavaFX Application Thread] INFO  gerarTelas.SampleController  - Iniciando classe principal 09/07/2013 | 11:06:11
12046 [JavaFX Application Thread] INFO  gerarTelas.SampleController  - Metodo gerar grafico 09/07/2013 | 11:06:11
0    [JavaFX Application Thread] INFO  gerarTelas.SampleController  - Iniciando classe principal 09/07/2013 | 11:06:37
1613 [JavaFX Application Thread] INFO  gerarTelas.SampleController  - Metodo para avancar questão 09/07/2013 | 11:06:39
6085 [JavaFX Application Thread] INFO  gerarTelas.SampleController  - Metodo para avancar questão 09/07/2013 | 11:06:43
0    [JavaFX Application Thread] INFO  gerarTelas.SampleController  - Iniciando classe principal 09/07/2013 | 11:10:20
4247 [JavaFX Application Thread] INFO  gerarTelas.SampleController  - Metodo para avancar questão 09/07/2013 | 11:10:24
5551 [JavaFX Application Thread] INFO  gerarTelas.SampleController  - Metodo para avancar questão 09/07/2013 | 11:10:25
7119 [JavaFX Application Thread] INFO  gerarTelas.SampleController  - Metodo para avancar questão 09/07/2013 | 11:10:27
11119 [JavaFX Application Thread] INFO  gerarTelas.SampleController  - Metodo para avancar questão 09/07/2013 | 11:10:31
0    [JavaFX Application Thread] INFO  gerarTelas.SampleController  - Iniciando classe principal 10/07/2013 | 09:35:57
